c:\users\simon\desktop\videocapture\imscap\debug\vc140.pdb
c:\users\simon\desktop\videocapture\imscap\debug\vc140.idb
c:\users\simon\desktop\videocapture\imscap\debug\crossbar.obj
c:\users\simon\desktop\videocapture\imscap\debug\samplecgb.obj
c:\users\simon\desktop\videocapture\imscap\debug\status.obj
c:\users\simon\desktop\videocapture\imscap\debug\stdafx.obj
c:\users\simon\desktop\videocapture\imscap\debug\imscap.obj
c:\users\simon\desktop\videocapture\imscap\debug\imscap.ilk
c:\users\simon\desktop\videocapture\imscap\debug\imscap.exe
c:\users\simon\desktop\videocapture\imscap\debug\imscap.pdb
c:\users\simon\desktop\videocapture\imscap\debug\imscap.res
c:\users\simon\desktop\videocapture\imscap\debug\imscap.tlog\cl.command.1.tlog
c:\users\simon\desktop\videocapture\imscap\debug\imscap.tlog\cl.read.1.tlog
c:\users\simon\desktop\videocapture\imscap\debug\imscap.tlog\cl.write.1.tlog
c:\users\simon\desktop\videocapture\imscap\debug\imscap.tlog\link.command.1.tlog
c:\users\simon\desktop\videocapture\imscap\debug\imscap.tlog\link.read.1.tlog
c:\users\simon\desktop\videocapture\imscap\debug\imscap.tlog\link.write.1.tlog
c:\users\simon\desktop\videocapture\imscap\debug\imscap.tlog\rc.command.1.tlog
c:\users\simon\desktop\videocapture\imscap\debug\imscap.tlog\rc.read.1.tlog
c:\users\simon\desktop\videocapture\imscap\debug\imscap.tlog\rc.write.1.tlog
